20/04/28 12:45:10 WARN util.Utils: Your hostname, pop-os resolves to a loopback address: 127.0.1.1; using 192.168.1.129 instead (on interface wlp0s20f3)
20/04/28 12:45:10 WARN util.Utils: Set SPARK_LOCAL_IP if you need to bind to another address
20/04/28 12:45:10 WARN util.NativeCodeLoader: Unable to load native-hadoop library for your platform... using builtin-java classes where applicable
20/04/28 12:45:10 INFO gilcu2.CovidMain$: Begin: 2020-04-28T12:45:10.797+02:00
20/04/28 12:45:10 INFO gilcu2.CovidMain$: Arguments: []
20/04/28 12:45:10 INFO spark.SparkContext: Running Spark version 2.4.4
20/04/28 12:45:10 INFO spark.SparkContext: Submitted application: DataCleaning
20/04/28 12:45:10 INFO spark.SecurityManager: Changing view acls to: gilcu2
20/04/28 12:45:10 INFO spark.SecurityManager: Changing modify acls to: gilcu2
20/04/28 12:45:10 INFO spark.SecurityManager: Changing view acls groups to: 
20/04/28 12:45:10 INFO spark.SecurityManager: Changing modify acls groups to: 
20/04/28 12:45:10 INFO spark.SecurityManager: SecurityManager: authentication disabled; ui acls disabled; users  with view permissions: Set(gilcu2); groups with view permissions: Set(); users  with modify permissions: Set(gilcu2); groups with modify permissions: Set()
20/04/28 12:45:11 INFO util.Utils: Successfully started service 'sparkDriver' on port 43301.
20/04/28 12:45:11 INFO spark.SparkEnv: Registering MapOutputTracker
20/04/28 12:45:11 INFO spark.SparkEnv: Registering BlockManagerMaster
20/04/28 12:45:11 INFO storage.BlockManagerMasterEndpoint: Using org.apache.spark.storage.DefaultTopologyMapper for getting topology information
20/04/28 12:45:11 INFO storage.BlockManagerMasterEndpoint: BlockManagerMasterEndpoint up
20/04/28 12:45:11 INFO storage.DiskBlockManager: Created local directory at /tmp/blockmgr-0242d039-9d3d-4050-8b52-ffaea20f0c83
20/04/28 12:45:11 INFO memory.MemoryStore: MemoryStore started with capacity 366.3 MB
20/04/28 12:45:11 INFO spark.SparkEnv: Registering OutputCommitCoordinator
20/04/28 12:45:11 INFO util.log: Logging initialized @1103ms
20/04/28 12:45:11 INFO server.Server: jetty-9.3.z-SNAPSHOT, build timestamp: unknown, git hash: unknown
20/04/28 12:45:11 INFO server.Server: Started @1142ms
20/04/28 12:45:11 INFO server.AbstractConnector: Started ServerConnector@6a9287b1{HTTP/1.1,[http/1.1]}{0.0.0.0:4040}
20/04/28 12:45:11 INFO util.Utils: Successfully started service 'SparkUI' on port 4040.
20/04/28 12:45:11 INFO handler.ContextHandler: Started o.s.j.s.ServletContextHandler@1286528d{/jobs,null,AVAILABLE,@Spark}
20/04/28 12:45:11 INFO handler.ContextHandler: Started o.s.j.s.ServletContextHandler@705202d1{/jobs/json,null,AVAILABLE,@Spark}
20/04/28 12:45:11 INFO handler.ContextHandler: Started o.s.j.s.ServletContextHandler@3c443976{/jobs/job,null,AVAILABLE,@Spark}
20/04/28 12:45:11 INFO handler.ContextHandler: Started o.s.j.s.ServletContextHandler@3bd55d8{/jobs/job/json,null,AVAILABLE,@Spark}
20/04/28 12:45:11 INFO handler.ContextHandler: Started o.s.j.s.ServletContextHandler@63998bf4{/stages,null,AVAILABLE,@Spark}
20/04/28 12:45:11 INFO handler.ContextHandler: Started o.s.j.s.ServletContextHandler@7e0b9178{/stages/json,null,AVAILABLE,@Spark}
20/04/28 12:45:11 INFO handler.ContextHandler: Started o.s.j.s.ServletContextHandler@61942c1{/stages/stage,null,AVAILABLE,@Spark}
20/04/28 12:45:11 INFO handler.ContextHandler: Started o.s.j.s.ServletContextHandler@62a8fd44{/stages/stage/json,null,AVAILABLE,@Spark}
20/04/28 12:45:11 INFO handler.ContextHandler: Started o.s.j.s.ServletContextHandler@2e6ba49a{/stages/pool,null,AVAILABLE,@Spark}
20/04/28 12:45:11 INFO handler.ContextHandler: Started o.s.j.s.ServletContextHandler@5f5b5ca4{/stages/pool/json,null,AVAILABLE,@Spark}
20/04/28 12:45:11 INFO handler.ContextHandler: Started o.s.j.s.ServletContextHandler@4ee33af7{/storage,null,AVAILABLE,@Spark}
20/04/28 12:45:11 INFO handler.ContextHandler: Started o.s.j.s.ServletContextHandler@6b04acb2{/storage/json,null,AVAILABLE,@Spark}
20/04/28 12:45:11 INFO handler.ContextHandler: Started o.s.j.s.ServletContextHandler@18388a3c{/storage/rdd,null,AVAILABLE,@Spark}
20/04/28 12:45:11 INFO handler.ContextHandler: Started o.s.j.s.ServletContextHandler@1d035be3{/storage/rdd/json,null,AVAILABLE,@Spark}
20/04/28 12:45:11 INFO handler.ContextHandler: Started o.s.j.s.ServletContextHandler@4a60ee36{/environment,null,AVAILABLE,@Spark}
20/04/28 12:45:11 INFO handler.ContextHandler: Started o.s.j.s.ServletContextHandler@4cfbaf4{/environment/json,null,AVAILABLE,@Spark}
20/04/28 12:45:11 INFO handler.ContextHandler: Started o.s.j.s.ServletContextHandler@58faa93b{/executors,null,AVAILABLE,@Spark}
20/04/28 12:45:11 INFO handler.ContextHandler: Started o.s.j.s.ServletContextHandler@5f212d84{/executors/json,null,AVAILABLE,@Spark}
20/04/28 12:45:11 INFO handler.ContextHandler: Started o.s.j.s.ServletContextHandler@127d7908{/executors/threadDump,null,AVAILABLE,@Spark}
20/04/28 12:45:11 INFO handler.ContextHandler: Started o.s.j.s.ServletContextHandler@6b9c69a9{/executors/threadDump/json,null,AVAILABLE,@Spark}
20/04/28 12:45:11 INFO handler.ContextHandler: Started o.s.j.s.ServletContextHandler@6622a690{/static,null,AVAILABLE,@Spark}
20/04/28 12:45:11 INFO handler.ContextHandler: Started o.s.j.s.ServletContextHandler@27cbfddf{/,null,AVAILABLE,@Spark}
20/04/28 12:45:11 INFO handler.ContextHandler: Started o.s.j.s.ServletContextHandler@27ead29e{/api,null,AVAILABLE,@Spark}
20/04/28 12:45:11 INFO handler.ContextHandler: Started o.s.j.s.ServletContextHandler@49b07ee3{/jobs/job/kill,null,AVAILABLE,@Spark}
20/04/28 12:45:11 INFO handler.ContextHandler: Started o.s.j.s.ServletContextHandler@352e612e{/stages/stage/kill,null,AVAILABLE,@Spark}
20/04/28 12:45:11 INFO ui.SparkUI: Bound SparkUI to 0.0.0.0, and started at http://192.168.1.129:4040
20/04/28 12:45:11 INFO spark.SparkContext: Added JAR file:/home/gilcu2/prog/dataCleaning/target/scala-2.11/DataCleaning.jar at spark://192.168.1.129:43301/jars/DataCleaning.jar with timestamp 1588070711212
20/04/28 12:45:11 INFO executor.Executor: Starting executor ID driver on host localhost
20/04/28 12:45:11 INFO util.Utils: Successfully started service 'org.apache.spark.network.netty.NettyBlockTransferService' on port 46839.
20/04/28 12:45:11 INFO netty.NettyBlockTransferService: Server created on 192.168.1.129:46839
20/04/28 12:45:11 INFO storage.BlockManager: Using org.apache.spark.storage.RandomBlockReplicationPolicy for block replication policy
20/04/28 12:45:11 INFO storage.BlockManagerMaster: Registering BlockManager BlockManagerId(driver, 192.168.1.129, 46839, None)
20/04/28 12:45:11 INFO storage.BlockManagerMasterEndpoint: Registering block manager 192.168.1.129:46839 with 366.3 MB RAM, BlockManagerId(driver, 192.168.1.129, 46839, None)
20/04/28 12:45:11 INFO storage.BlockManagerMaster: Registered BlockManager BlockManagerId(driver, 192.168.1.129, 46839, None)
20/04/28 12:45:11 INFO storage.BlockManager: Initialized BlockManager: BlockManagerId(driver, 192.168.1.129, 46839, None)
20/04/28 12:45:11 INFO handler.ContextHandler: Started o.s.j.s.ServletContextHandler@236134a1{/metrics/json,null,AVAILABLE,@Spark}
20/04/28 12:45:11 INFO internal.SharedState: Setting hive.metastore.warehouse.dir ('null') to the value of spark.sql.warehouse.dir ('file:/home/gilcu2/prog/dataCleaning/spark-warehouse').
20/04/28 12:45:11 INFO internal.SharedState: Warehouse path is 'file:/home/gilcu2/prog/dataCleaning/spark-warehouse'.
20/04/28 12:45:11 INFO handler.ContextHandler: Started o.s.j.s.ServletContextHandler@4cb0a000{/SQL,null,AVAILABLE,@Spark}
20/04/28 12:45:11 INFO handler.ContextHandler: Started o.s.j.s.ServletContextHandler@5ff2e84b{/SQL/json,null,AVAILABLE,@Spark}
20/04/28 12:45:11 INFO handler.ContextHandler: Started o.s.j.s.ServletContextHandler@65a5d4f9{/SQL/execution,null,AVAILABLE,@Spark}
20/04/28 12:45:11 INFO handler.ContextHandler: Started o.s.j.s.ServletContextHandler@40298285{/SQL/execution/json,null,AVAILABLE,@Spark}
20/04/28 12:45:11 INFO handler.ContextHandler: Started o.s.j.s.ServletContextHandler@1fcf9739{/static/sql,null,AVAILABLE,@Spark}
20/04/28 12:45:11 INFO state.StateStoreCoordinatorRef: Registered StateStoreCoordinator endpoint
20/04/28 12:45:12 WARN streaming.FileStreamSink: Error while looking for metadata directory.
Exception in thread "main" java.net.ConnectException: Call From pop-os/127.0.1.1 to localhost:9000 failed on connection exception: java.net.ConnectException: Connection refused; For more details see:  http://wiki.apache.org/hadoop/ConnectionRefused
	at sun.reflect.NativeConstructorAccessorImpl.newInstance0(Native Method)
	at sun.reflect.NativeConstructorAccessorImpl.newInstance(NativeConstructorAccessorImpl.java:62)
	at sun.reflect.DelegatingConstructorAccessorImpl.newInstance(DelegatingConstructorAccessorImpl.java:45)
	at java.lang.reflect.Constructor.newInstance(Constructor.java:423)
	at org.apache.hadoop.net.NetUtils.wrapWithMessage(NetUtils.java:792)
	at org.apache.hadoop.net.NetUtils.wrapException(NetUtils.java:732)
	at org.apache.hadoop.ipc.Client.call(Client.java:1479)
	at org.apache.hadoop.ipc.Client.call(Client.java:1412)
	at org.apache.hadoop.ipc.ProtobufRpcEngine$Invoker.invoke(ProtobufRpcEngine.java:229)
	at com.sun.proxy.$Proxy18.getFileInfo(Unknown Source)
	at org.apache.hadoop.hdfs.protocolPB.ClientNamenodeProtocolTranslatorPB.getFileInfo(ClientNamenodeProtocolTranslatorPB.java:771)
	at sun.reflect.NativeMethodAccessorImpl.invoke0(Native Method)
	at sun.reflect.NativeMethodAccessorImpl.invoke(NativeMethodAccessorImpl.java:62)
	at sun.reflect.DelegatingMethodAccessorImpl.invoke(DelegatingMethodAccessorImpl.java:43)
	at java.lang.reflect.Method.invoke(Method.java:498)
	at org.apache.hadoop.io.retry.RetryInvocationHandler.invokeMethod(RetryInvocationHandler.java:191)
	at org.apache.hadoop.io.retry.RetryInvocationHandler.invoke(RetryInvocationHandler.java:102)
	at com.sun.proxy.$Proxy19.getFileInfo(Unknown Source)
	at org.apache.hadoop.hdfs.DFSClient.getFileInfo(DFSClient.java:2108)
	at org.apache.hadoop.hdfs.DistributedFileSystem$22.doCall(DistributedFileSystem.java:1305)
	at org.apache.hadoop.hdfs.DistributedFileSystem$22.doCall(DistributedFileSystem.java:1301)
	at org.apache.hadoop.fs.FileSystemLinkResolver.resolve(FileSystemLinkResolver.java:81)
	at org.apache.hadoop.hdfs.DistributedFileSystem.getFileStatus(DistributedFileSystem.java:1317)
	at org.apache.hadoop.fs.FileSystem.exists(FileSystem.java:1426)
	at org.apache.spark.sql.execution.datasources.DataSource$$anonfun$org$apache$spark$sql$execution$datasources$DataSource$$checkAndGlobPathIfNecessary$1.apply(DataSource.scala:557)
	at org.apache.spark.sql.execution.datasources.DataSource$$anonfun$org$apache$spark$sql$execution$datasources$DataSource$$checkAndGlobPathIfNecessary$1.apply(DataSource.scala:545)
	at scala.collection.TraversableLike$$anonfun$flatMap$1.apply(TraversableLike.scala:241)
	at scala.collection.TraversableLike$$anonfun$flatMap$1.apply(TraversableLike.scala:241)
	at scala.collection.immutable.List.foreach(List.scala:392)
	at scala.collection.TraversableLike$class.flatMap(TraversableLike.scala:241)
	at scala.collection.immutable.List.flatMap(List.scala:355)
	at org.apache.spark.sql.execution.datasources.DataSource.org$apache$spark$sql$execution$datasources$DataSource$$checkAndGlobPathIfNecessary(DataSource.scala:545)
	at org.apache.spark.sql.execution.datasources.DataSource.resolveRelation(DataSource.scala:359)
	at org.apache.spark.sql.DataFrameReader.loadV1Source(DataFrameReader.scala:223)
	at org.apache.spark.sql.DataFrameReader.load(DataFrameReader.scala:211)
	at org.apache.spark.sql.DataFrameReader.text(DataFrameReader.scala:714)
	at org.apache.spark.sql.DataFrameReader.textFile(DataFrameReader.scala:756)
	at org.apache.spark.sql.DataFrameReader.textFile(DataFrameReader.scala:723)
	at com.gilcu2.CovidMain$.readCSVPrefijosProvincias(CovidMain.scala:27)
	at com.gilcu2.CovidMain$.main(CovidMain.scala:19)
	at com.gilcu2.CovidMain.main(CovidMain.scala)
	at sun.reflect.NativeMethodAccessorImpl.invoke0(Native Method)
	at sun.reflect.NativeMethodAccessorImpl.invoke(NativeMethodAccessorImpl.java:62)
	at sun.reflect.DelegatingMethodAccessorImpl.invoke(DelegatingMethodAccessorImpl.java:43)
	at java.lang.reflect.Method.invoke(Method.java:498)
	at org.apache.spark.deploy.JavaMainApplication.start(SparkApplication.scala:52)
	at org.apache.spark.deploy.SparkSubmit.org$apache$spark$deploy$SparkSubmit$$runMain(SparkSubmit.scala:845)
	at org.apache.spark.deploy.SparkSubmit.doRunMain$1(SparkSubmit.scala:161)
	at org.apache.spark.deploy.SparkSubmit.submit(SparkSubmit.scala:184)
	at org.apache.spark.deploy.SparkSubmit.doSubmit(SparkSubmit.scala:86)
	at org.apache.spark.deploy.SparkSubmit$$anon$2.doSubmit(SparkSubmit.scala:920)
	at org.apache.spark.deploy.SparkSubmit$.main(SparkSubmit.scala:929)
	at org.apache.spark.deploy.SparkSubmit.main(SparkSubmit.scala)
Caused by: java.net.ConnectException: Connection refused
	at sun.nio.ch.SocketChannelImpl.checkConnect(Native Method)
	at sun.nio.ch.SocketChannelImpl.finishConnect(SocketChannelImpl.java:714)
	at org.apache.hadoop.net.SocketIOWithTimeout.connect(SocketIOWithTimeout.java:206)
	at org.apache.hadoop.net.NetUtils.connect(NetUtils.java:531)
	at org.apache.hadoop.net.NetUtils.connect(NetUtils.java:495)
	at org.apache.hadoop.ipc.Client$Connection.setupConnection(Client.java:614)
	at org.apache.hadoop.ipc.Client$Connection.setupIOstreams(Client.java:712)
	at org.apache.hadoop.ipc.Client$Connection.access$2900(Client.java:375)
	at org.apache.hadoop.ipc.Client.getConnection(Client.java:1528)
	at org.apache.hadoop.ipc.Client.call(Client.java:1451)
	... 46 more
20/04/28 12:45:12 INFO spark.SparkContext: Invoking stop() from shutdown hook
20/04/28 12:45:12 INFO server.AbstractConnector: Stopped Spark@6a9287b1{HTTP/1.1,[http/1.1]}{0.0.0.0:4040}
20/04/28 12:45:12 INFO ui.SparkUI: Stopped Spark web UI at http://192.168.1.129:4040
20/04/28 12:45:12 INFO spark.MapOutputTrackerMasterEndpoint: MapOutputTrackerMasterEndpoint stopped!
20/04/28 12:45:12 INFO memory.MemoryStore: MemoryStore cleared
20/04/28 12:45:12 INFO storage.BlockManager: BlockManager stopped
20/04/28 12:45:12 INFO storage.BlockManagerMaster: BlockManagerMaster stopped
20/04/28 12:45:12 INFO scheduler.OutputCommitCoordinator$OutputCommitCoordinatorEndpoint: OutputCommitCoordinator stopped!
20/04/28 12:45:12 INFO spark.SparkContext: Successfully stopped SparkContext
20/04/28 12:45:12 INFO util.ShutdownHookManager: Shutdown hook called
20/04/28 12:45:12 INFO util.ShutdownHookManager: Deleting directory /tmp/spark-10a97b49-3796-47e1-87e2-0710ea4cb80a
20/04/28 12:45:12 INFO util.ShutdownHookManager: Deleting directory /tmp/spark-ac97a0fb-b9ad-458c-b564-b82eb3d3b500
